<?xml version="1.0" encoding="UTF-8"?>
<coverage generated="1615338002409" clover="3.2.0">
  <project timestamp="1615338002409" name="All files">
    <metrics statements="23" coveredstatements="21" conditionals="0" coveredconditionals="0" methods="2" coveredmethods="0" elements="25" coveredelements="21" complexity="0" loc="23" ncloc="23" packages="1" files="2" classes="2"/>
    <file name="Transfer.ts" path="/usr/src/app/src/app/models/Transfer.ts">
      <metrics statements="8" coveredstatements="8" conditionals="0" coveredconditionals="0" methods="0" coveredmethods="0"/>
      <line num="1" count="1" type="stmt"/>
      <line num="4" count="1" type="stmt"/>
      <line num="6" count="1" type="stmt"/>
      <line num="9" count="1" type="stmt"/>
      <line num="12" count="1" type="stmt"/>
      <line num="15" count="1" type="stmt"/>
      <line num="18" count="1" type="stmt"/>
      <line num="21" count="1" type="stmt"/>
    </file>
    <file name="User.ts" path="/usr/src/app/src/app/models/User.ts">
      <metrics statements="15" coveredstatements="13" conditionals="0" coveredconditionals="0" methods="2" coveredmethods="0"/>
      <line num="1" count="1" type="stmt"/>
      <line num="8" count="1" type="stmt"/>
      <line num="11" count="1" type="stmt"/>
      <line num="13" count="1" type="stmt"/>
      <line num="16" count="1" type="stmt"/>
      <line num="19" count="1" type="stmt"/>
      <line num="22" count="1" type="stmt"/>
      <line num="25" count="1" type="stmt"/>
      <line num="28" count="1" type="stmt"/>
      <line num="31" count="1" type="stmt"/>
      <line num="35" count="1" type="stmt"/>
      <line num="36" count="0" type="stmt"/>
      <line num="41" count="1" type="stmt"/>
      <line num="42" count="0" type="stmt"/>
      <line num="46" count="1" type="stmt"/>
    </file>
  </project>
</coverage>
